# JRE version: OpenJDK Runtime Environment (11.0.6+10) (build 11.0.6+10-post-Ubuntu-1ubuntu119.10.1)
# Java VM: OpenJDK 64-Bit Server VM (11.0.6+10-post-Ubuntu-1ubuntu119.10.1, mixed mode, sharing, tiered, compressed oops, g1 gc, linux-amd64)
Heap:
 garbage-first heap   total 1789952K, used 193220K [0x0000000417c00000, 0x0000000800000000)
  region size 4096K, 24 young (98304K), 3 survivors (12288K)
 Metaspace       used 1997K, capacity 5267K, committed 5504K, reserved 1056768K
  class space    used 216K, capacity 521K, committed 640K, reserved 1048576K
GC Heap History (11 events):
Event: 0,313 GC heap before
{Heap before GC invocations=0 (full 0):
 garbage-first heap   total 1036288K, used 49860K [0x0000000417c00000, 0x0000000800000000)
  region size 4096K, 12 young (49152K), 0 survivors (0K)
 Metaspace       used 1960K, capacity 5264K, committed 5504K, reserved 1056768K
  class space    used 215K, capacity 520K, committed 640K, reserved 1048576K
}
Event: 0,324 GC heap after
{Heap after GC invocations=1 (full 0):
 garbage-first heap   total 1036288K, used 19423K [0x0000000417c00000, 0x0000000800000000)
  region size 4096K, 2 young (8192K), 2 survivors (8192K)
 Metaspace       used 1960K, capacity 5264K, committed 5504K, reserved 1056768K
  class space    used 215K, capacity 520K, committed 640K, reserved 1048576K
}
Event: 0,379 GC heap before
{Heap before GC invocations=1 (full 0):
 garbage-first heap   total 1036288K, used 56287K [0x0000000417c00000, 0x0000000800000000)
  region size 4096K, 12 young (49152K), 2 survivors (8192K)
 Metaspace       used 1961K, capacity 5264K, committed 5504K, reserved 1056768K
  class space    used 215K, capacity 520K, committed 640K, reserved 1048576K
}
Event: 0,386 GC heap after
{Heap after GC invocations=2 (full 0):
 garbage-first heap   total 1036288K, used 36490K [0x0000000417c00000, 0x0000000800000000)
  region size 4096K, 2 young (8192K), 2 survivors (8192K)
 Metaspace       used 1961K, capacity 5264K, committed 5504K, reserved 1056768K
  class space    used 215K, capacity 520K, committed 640K, reserved 1048576K
}
Event: 0,451 GC heap before
{Heap before GC invocations=2 (full 0):
 garbage-first heap   total 1036288K, used 73354K [0x0000000417c00000, 0x0000000800000000)
  region size 4096K, 12 young (49152K), 2 survivors (8192K)
 Metaspace       used 1961K, capacity 5264K, committed 5504K, reserved 1056768K
  class space    used 215K, capacity 520K, committed 640K, reserved 1048576K
}
Event: 0,458 GC heap after
{Heap after GC invocations=3 (full 0):
 garbage-first heap   total 1036288K, used 54170K [0x0000000417c00000, 0x0000000800000000)
  region size 4096K, 2 young (8192K), 2 survivors (8192K)
 Metaspace       used 1961K, capacity 5264K, committed 5504K, reserved 1056768K
  class space    used 215K, capacity 520K, committed 640K, reserved 1048576K
}
Event: 0,525 GC heap before
{Heap before GC invocations=3 (full 0):
 garbage-first heap   total 1036288K, used 107418K [0x0000000417c00000, 0x0000000800000000)
  region size 4096K, 15 young (61440K), 2 survivors (8192K)
 Metaspace       used 1961K, capacity 5264K, committed 5504K, reserved 1056768K
  class space    used 215K, capacity 520K, committed 640K, reserved 1048576K
}
Event: 0,534 GC heap after
{Heap after GC invocations=4 (full 0):
 garbage-first heap   total 1036288K, used 76593K [0x0000000417c00000, 0x0000000800000000)
  region size 4096K, 2 young (8192K), 2 survivors (8192K)
 Metaspace       used 1961K, capacity 5264K, committed 5504K, reserved 1056768K
  class space    used 215K, capacity 520K, committed 640K, reserved 1048576K
}
Event: 0,620 GC heap before
{Heap before GC invocations=4 (full 0):
 garbage-first heap   total 1036288K, used 146225K [0x0000000417c00000, 0x0000000800000000)
  region size 4096K, 18 young (73728K), 2 survivors (8192K)
 Metaspace       used 1961K, capacity 5264K, committed 5504K, reserved 1056768K
  class space    used 215K, capacity 520K, committed 640K, reserved 1048576K
}
Event: 0,640 GC heap after
{Heap after GC invocations=5 (full 0):
 garbage-first heap   total 1789952K, used 107204K [0x0000000417c00000, 0x0000000800000000)
  region size 4096K, 3 young (12288K), 3 survivors (12288K)
 Metaspace       used 1961K, capacity 5264K, committed 5504K, reserved 1056768K
  class space    used 215K, capacity 520K, committed 640K, reserved 1048576K
}
Event: 0,799 GC heap before
{Heap before GC invocations=5 (full 0):
 garbage-first heap   total 1789952K, used 193220K [0x0000000417c00000, 0x0000000800000000)
  region size 4096K, 24 young (98304K), 3 survivors (12288K)
 Metaspace       used 1997K, capacity 5267K, committed 5504K, reserved 1056768K
  class space    used 216K, capacity 521K, committed 640K, reserved 1048576K
}

